# Creating os2display symfony 3.4 installation:

Install symfony 3.4
<pre>
symfony new admin 3.4
</pre>

Add repositories to composer.json
<pre>
    "repositories": {
        "os2display/media-bundle": {
            "type": "vcs",
            "url": "https://github.com/itk-os2display/media-bundle"
        },
        "os2display/core-bundle": {
            "type": "vcs",
            "url": "https://github.com/itk-os2display/core-bundle"
        },
        "os2display/admin-bundle": {
            "type": "vcs",
            "url": "https://github.com/itk-os2display/admin-bundle"
        },
        "os2display/default-template-bundle": {
            "type": "vcs",
            "url": "https://github.com/itk-os2display/default-template-bundle"
        }
    },
</pre>

Require os2display bundles
<pre>
php -d memory_limit=-1 /usr/local/bin/composer require os2display/admin-bundle os2display/core-bundle os2display/media-bundle os2display/default-template-bundle -vvv
</pre>



## Notes: Steps to upgrade to symfony 3.4

<pre>
mv admin adminOLD
symfony new admin 3.4

cp -R adminOLD/.git admin/

# Add repositories to composer.json

php -d memory_limit=-1 /usr/local/bin/composer require os2display/admin-bundle:dev-symf34 os2display/core-bundle:dev-symf34 os2display/media-bundle:dev-symf34 os2display/default-template-bundle -vvv

</pre>


